<?xml version="1.0" encoding="utf-8" ?>
<!DOCTYPE html PUBLIC "-//W3C//DTD XHTML 1.0 Strict//EN"
        "http://www.w3.org/TR/xhtml1/DTD/xhtml1-strict.dtd">
<html xmlns="http://www.w3.org/1999/xhtml" xml:lang="" lang="">
<head>
  <title>Test Results Report - Login Test</title>
  <meta http-equiv="Content-Type" content="text/html;charset=utf-8" />
  <meta name="description" content="TestNG unit test results." />
  <link href="reportng.css" rel="stylesheet" type="text/css" />
    <script type="text/javascript" src="reportng.js"></script>
</head>
<body>
<h1>Login Test</h1>
<p>
  Test duration: 96.008s
</p>



  <table class="resultsTable">
    <tr><th colspan="3" class="header failed">Failed Tests</th></tr>
          <tr>
        <td colspan="3" class="group">com.nopcommerce.demo.testsuite.LoginPageTest</td>
      </tr>
            
<tr>
  <td class="method">
                  verifyThatUserShouldLogOutSuccessFully
      </td>
  <td class="duration">
    2.923s
  </td>
  <td class="result">
        
          <i>Method arguments: </i><span class="arguments">"prime123@gmail.com", "prime123"</span><br />
    
            <div class="testOutput">
                        Click on loginButton [[ChromeDriver: chrome on windows (4b365076bab51cafe956d5822e08c809)] -> xpath: //a[normalize-space()='Log in']]
                                Enter EmailId prime123@gmail.com
                                Enter Password prime123
                                Click on login [[ChromeDriver: chrome on windows (4b365076bab51cafe956d5822e08c809)] -> xpath: //button[contains(text(),'Log in')]]
                                Click on logout link [[ChromeDriver: chrome on windows (4b365076bab51cafe956d5822e08c809)] -> xpath: //a[text()='Log out']]
                                Get login link text [[ChromeDriver: chrome on windows (4b365076bab51cafe956d5822e08c809)] -> xpath: //a[normalize-space()='Log in']]
                                Click to see screenshot
                                <a target = "_blank" href=C:\Users\bhart\IdeaProjects\nopcommerce-demo-sw-5/test-output/html/verifyThatUserShouldLogOutSuccessFullyTue_Jun_18_21_45_39_BST_2024.jpg>Screenshot</a>
                                <br>
                                <br>
                                <a target = "_blank" href=C:\Users\bhart\IdeaProjects\nopcommerce-demo-sw-5/test-output/html/verifyThatUserShouldLogOutSuccessFullyTue_Jun_18_21_45_39_BST_2024.jpg><img src=C:\Users\bhart\IdeaProjects\nopcommerce-demo-sw-5/test-output/html/verifyThatUserShouldLogOutSuccessFullyTue_Jun_18_21_45_39_BST_2024.jpg height=200 width=200></img></a>
                  </div>
    

        <a href="javascript:toggleElement('exception-0', 'block')" title="Click to expand/collapse"><b>org.openqa.selenium.StaleElementReferenceException: stale element reference: stale element not found<br/>
&nbsp; (Session info: chrome=126.0.6478.61)<br/>
For documentation on this error, please visit: https://www.selenium.dev/documentation/webdriver/troubleshooting/errors#stale-element-reference-exception<br/>
Build info: version: &apos;4.21.0&apos;, revision: &apos;79ed462ef4&apos;<br/>
System info: os.name: &apos;Windows 11&apos;, os.arch: &apos;amd64&apos;, os.version: &apos;10.0&apos;, java.version: &apos;17.0.8&apos;<br/>
Driver info: org.openqa.selenium.chrome.ChromeDriver<br/>
Command: [4b365076bab51cafe956d5822e08c809, getElementText {id=f.1543FB5607ABFB9AADB9622550240E24.d.7DE768996817F9E2F2E504C7D2B5ABF3.e.15}]<br/>
Capabilities {acceptInsecureCerts: false, browserName: chrome, browserVersion: 126.0.6478.61, chrome: {chromedriverVersion: 126.0.6478.62 (b2781ca4c383..., userDataDir: C:\Users\bhart\AppData\Loca...}, fedcm:accounts: true, goog:chromeOptions: {debuggerAddress: localhost:63330}, networkConnectionEnabled: false, pageLoadStrategy: normal, platformName: windows, proxy: Proxy(), se:cdp: ws://localhost:63330/devtoo..., se:cdpVersion: 126.0.6478.61, setWindowRect: true, strictFileInteractability: false, timeouts: {implicit: 0, pageLoad: 300000, script: 30000}, unhandledPromptBehavior: dismiss and notify, webauthn:extension:credBlob: true, webauthn:extension:largeBlob: true, webauthn:extension:minPinLength: true, webauthn:extension:prf: true, webauthn:virtualAuthenticators: true}<br/>
Element: [[ChromeDriver: chrome on windows (4b365076bab51cafe956d5822e08c809)] -&gt; xpath: //a[normalize-space()=&apos;Log in&apos;]]<br/>
Session ID: 4b365076bab51cafe956d5822e08c809</b></a><br />
    <div class="stackTrace" id="exception-0">
              java.base/jdk.internal.reflect.NativeConstructorAccessorImpl.newInstance0(Native Method)<br />
              java.base/jdk.internal.reflect.NativeConstructorAccessorImpl.newInstance(NativeConstructorAccessorImpl.java:77)<br />
              java.base/jdk.internal.reflect.DelegatingConstructorAccessorImpl.newInstance(DelegatingConstructorAccessorImpl.java:45)<br />
              java.base/java.lang.reflect.Constructor.newInstanceWithCaller(Constructor.java:499)<br />
              java.base/java.lang.reflect.Constructor.newInstance(Constructor.java:480)<br />
              org.openqa.selenium.remote.ErrorCodec.decode(ErrorCodec.java:167)<br />
              org.openqa.selenium.remote.codec.w3c.W3CHttpResponseCodec.decode(W3CHttpResponseCodec.java:138)<br />
              org.openqa.selenium.remote.codec.w3c.W3CHttpResponseCodec.decode(W3CHttpResponseCodec.java:50)<br />
              org.openqa.selenium.remote.HttpCommandExecutor.execute(HttpCommandExecutor.java:190)<br />
              org.openqa.selenium.remote.service.DriverCommandExecutor.invokeExecute(DriverCommandExecutor.java:216)<br />
              org.openqa.selenium.remote.service.DriverCommandExecutor.execute(DriverCommandExecutor.java:174)<br />
              org.openqa.selenium.remote.RemoteWebDriver.execute(RemoteWebDriver.java:518)<br />
              org.openqa.selenium.remote.RemoteWebElement.execute(RemoteWebElement.java:223)<br />
              org.openqa.selenium.remote.RemoteWebElement.getText(RemoteWebElement.java:191)<br />
              java.base/jdk.internal.reflect.NativeMethodAccessorImpl.invoke0(Native Method)<br />
              java.base/jdk.internal.reflect.NativeMethodAccessorImpl.invoke(NativeMethodAccessorImpl.java:77)<br />
              java.base/jdk.internal.reflect.DelegatingMethodAccessorImpl.invoke(DelegatingMethodAccessorImpl.java:43)<br />
              java.base/java.lang.reflect.Method.invoke(Method.java:568)<br />
              org.openqa.selenium.support.pagefactory.internal.LocatingElementHandler.invoke(LocatingElementHandler.java:51)<br />
              jdk.proxy2/jdk.proxy2.$Proxy14.getText(Unknown Source)<br />
              com.nopcommerce.demo.utility.Utility.getTextFromElement(Utility.java:60)<br />
              com.nopcommerce.demo.pages.HomePage.getLoginLinkText(HomePage.java:44)<br />
              com.nopcommerce.demo.testsuite.LoginPageTest.verifyThatUserShouldLogOutSuccessFully(LoginPageTest.java:72)<br />
              java.base/jdk.internal.reflect.NativeMethodAccessorImpl.invoke0(Native Method)<br />
              java.base/jdk.internal.reflect.NativeMethodAccessorImpl.invoke(NativeMethodAccessorImpl.java:77)<br />
              java.base/jdk.internal.reflect.DelegatingMethodAccessorImpl.invoke(DelegatingMethodAccessorImpl.java:43)<br />
              java.base/java.lang.reflect.Method.invoke(Method.java:568)<br />
              org.testng.internal.invokers.MethodInvocationHelper.invokeMethod(MethodInvocationHelper.java:141)<br />
              org.testng.internal.invokers.TestInvoker.invokeMethod(TestInvoker.java:686)<br />
              org.testng.internal.invokers.TestInvoker.invokeTestMethod(TestInvoker.java:230)<br />
              org.testng.internal.invokers.MethodRunner.runInSequence(MethodRunner.java:63)<br />
              org.testng.internal.invokers.TestInvoker$MethodInvocationAgent.invoke(TestInvoker.java:992)<br />
              org.testng.internal.invokers.TestInvoker.invokeTestMethods(TestInvoker.java:203)<br />
              org.testng.internal.invokers.TestMethodWorker.invokeTestMethods(TestMethodWorker.java:154)<br />
              org.testng.internal.invokers.TestMethodWorker.run(TestMethodWorker.java:134)<br />
              java.base/java.util.ArrayList.forEach(ArrayList.java:1511)<br />
              org.testng.TestRunner.privateRun(TestRunner.java:739)<br />
              org.testng.TestRunner.run(TestRunner.java:614)<br />
              org.testng.SuiteRunner.runTest(SuiteRunner.java:421)<br />
              org.testng.SuiteRunner.runSequentially(SuiteRunner.java:413)<br />
              org.testng.SuiteRunner.privateRun(SuiteRunner.java:373)<br />
              org.testng.SuiteRunner.run(SuiteRunner.java:312)<br />
              org.testng.SuiteRunnerWorker.runSuite(SuiteRunnerWorker.java:52)<br />
              org.testng.SuiteRunnerWorker.run(SuiteRunnerWorker.java:95)<br />
              org.testng.TestNG.runSuitesSequentially(TestNG.java:1274)<br />
              org.testng.TestNG.runSuitesLocally(TestNG.java:1208)<br />
              org.testng.TestNG.runSuites(TestNG.java:1112)<br />
              org.testng.TestNG.run(TestNG.java:1079)<br />
              com.intellij.rt.testng.IDEARemoteTestNG.run(IDEARemoteTestNG.java:65)<br />
              com.intellij.rt.testng.RemoteTestNGStarter.main(RemoteTestNGStarter.java:105)<br />
                </div>
      </td>
</tr>
<tr>
  <td class="method">
                  verifyTheErrorMessageWithInValidCredentials
      </td>
  <td class="duration">
    2.486s
  </td>
  <td class="result">
        
          <i>Method arguments: </i><span class="arguments">"test1@gmail.com", "test123"</span><br />
    
            <div class="testOutput">
                        Click on loginButton [[ChromeDriver: chrome on windows (40c42aa790314e417dd1ae6b1c9c5ce6)] -> xpath: //a[normalize-space()='Log in']]
                                Enter EmailId test1@gmail.com
                                Enter Password test123
                                Click on login [[ChromeDriver: chrome on windows (40c42aa790314e417dd1ae6b1c9c5ce6)] -> xpath: //button[contains(text(),'Log in')]]
                                Get error message [[ChromeDriver: chrome on windows (40c42aa790314e417dd1ae6b1c9c5ce6)] -> xpath: //div[@class='message-error validation-summary-errors']]
                                Click to see screenshot
                                <a target = "_blank" href=C:\Users\bhart\IdeaProjects\nopcommerce-demo-sw-5/test-output/html/verifyTheErrorMessageWithInValidCredentialsTue_Jun_18_21_45_46_BST_2024.jpg>Screenshot</a>
                                <br>
                                <br>
                                <a target = "_blank" href=C:\Users\bhart\IdeaProjects\nopcommerce-demo-sw-5/test-output/html/verifyTheErrorMessageWithInValidCredentialsTue_Jun_18_21_45_46_BST_2024.jpg><img src=C:\Users\bhart\IdeaProjects\nopcommerce-demo-sw-5/test-output/html/verifyTheErrorMessageWithInValidCredentialsTue_Jun_18_21_45_46_BST_2024.jpg height=200 width=200></img></a>
                  </div>
    

        <a href="javascript:toggleElement('exception-1', 'block')" title="Click to expand/collapse"><b>java.lang.AssertionError: expected [Login was unsuccessful. Please correct the errors and try again.<br/>
No customer account found] but found [Login was unsuccessful. Please correct the errors and try again.<br/>
The credentials provided are incorrect]</b></a><br />
    <div class="stackTrace" id="exception-1">
              org.testng.Assert.fail(Assert.java:111)<br />
              org.testng.Assert.failNotEquals(Assert.java:1578)<br />
              org.testng.Assert.assertEqualsImpl(Assert.java:150)<br />
              org.testng.Assert.assertEquals(Assert.java:132)<br />
              org.testng.Assert.assertEquals(Assert.java:656)<br />
              org.testng.Assert.assertEquals(Assert.java:666)<br />
              com.nopcommerce.demo.testsuite.LoginPageTest.verifyTheErrorMessageWithInValidCredentials(LoginPageTest.java:43)<br />
              java.base/jdk.internal.reflect.NativeMethodAccessorImpl.invoke0(Native Method)<br />
              java.base/jdk.internal.reflect.NativeMethodAccessorImpl.invoke(NativeMethodAccessorImpl.java:77)<br />
              java.base/jdk.internal.reflect.DelegatingMethodAccessorImpl.invoke(DelegatingMethodAccessorImpl.java:43)<br />
              java.base/java.lang.reflect.Method.invoke(Method.java:568)<br />
              org.testng.internal.invokers.MethodInvocationHelper.invokeMethod(MethodInvocationHelper.java:141)<br />
              org.testng.internal.invokers.TestInvoker.invokeMethod(TestInvoker.java:686)<br />
              org.testng.internal.invokers.TestInvoker.invokeTestMethod(TestInvoker.java:230)<br />
              org.testng.internal.invokers.MethodRunner.runInSequence(MethodRunner.java:63)<br />
              org.testng.internal.invokers.TestInvoker$MethodInvocationAgent.invoke(TestInvoker.java:992)<br />
              org.testng.internal.invokers.TestInvoker.invokeTestMethods(TestInvoker.java:203)<br />
              org.testng.internal.invokers.TestMethodWorker.invokeTestMethods(TestMethodWorker.java:154)<br />
              org.testng.internal.invokers.TestMethodWorker.run(TestMethodWorker.java:134)<br />
              java.base/java.util.ArrayList.forEach(ArrayList.java:1511)<br />
              org.testng.TestRunner.privateRun(TestRunner.java:739)<br />
              org.testng.TestRunner.run(TestRunner.java:614)<br />
              org.testng.SuiteRunner.runTest(SuiteRunner.java:421)<br />
              org.testng.SuiteRunner.runSequentially(SuiteRunner.java:413)<br />
              org.testng.SuiteRunner.privateRun(SuiteRunner.java:373)<br />
              org.testng.SuiteRunner.run(SuiteRunner.java:312)<br />
              org.testng.SuiteRunnerWorker.runSuite(SuiteRunnerWorker.java:52)<br />
              org.testng.SuiteRunnerWorker.run(SuiteRunnerWorker.java:95)<br />
              org.testng.TestNG.runSuitesSequentially(TestNG.java:1274)<br />
              org.testng.TestNG.runSuitesLocally(TestNG.java:1208)<br />
              org.testng.TestNG.runSuites(TestNG.java:1112)<br />
              org.testng.TestNG.run(TestNG.java:1079)<br />
              com.intellij.rt.testng.IDEARemoteTestNG.run(IDEARemoteTestNG.java:65)<br />
              com.intellij.rt.testng.RemoteTestNGStarter.main(RemoteTestNGStarter.java:105)<br />
                </div>
      </td>
</tr>
          <tr>
        <td colspan="3" class="group">com.nopcommerce.demo.testsuite.RegisterPageTest</td>
      </tr>
            
<tr>
  <td class="method">
                  verifyThatUserShouldCreateAccountSuccessfully
      </td>
  <td class="duration">
    24.242s
  </td>
  <td class="result">
        
          <i>Method arguments: </i><span class="arguments">"Female", "Prime", "testing", "23", "2", "2001", "prime123@gmail.com", "prime123", "prime123"</span><br />
    
            <div class="testOutput">
                        Click on female radio button [[ChromeDriver: chrome on windows (0fda1c1dac5f7bac408105cb1ee229b3)] -> id: gender-female]
                                Enter first name Prime
                                Enter last name testing
                                Select date from dropdown [[ChromeDriver: chrome on windows (0fda1c1dac5f7bac408105cb1ee229b3)] -> name: DateOfBirthDay]
                                Select month from dropdown 2
                                Select year from dropdown 2001
                                Enter email prime123@gmail.com
                                Enter password prime123
                                Enter confirm password prime123
                                Click on registration button [[ChromeDriver: chrome on windows (0fda1c1dac5f7bac408105cb1ee229b3)] -> xpath: //button[@id='register-button']]
                                Get reg success msg [[ChromeDriver: chrome on windows (0fda1c1dac5f7bac408105cb1ee229b3)] -> xpath: //button[@id='register-button']]
                                Click to see screenshot
                                <a target = "_blank" href=C:\Users\bhart\IdeaProjects\nopcommerce-demo-sw-5/test-output/html/verifyThatUserShouldCreateAccountSuccessfullyTue_Jun_18_21_46_19_BST_2024.jpg>Screenshot</a>
                                <br>
                                <br>
                                <a target = "_blank" href=C:\Users\bhart\IdeaProjects\nopcommerce-demo-sw-5/test-output/html/verifyThatUserShouldCreateAccountSuccessfullyTue_Jun_18_21_46_19_BST_2024.jpg><img src=C:\Users\bhart\IdeaProjects\nopcommerce-demo-sw-5/test-output/html/verifyThatUserShouldCreateAccountSuccessfullyTue_Jun_18_21_46_19_BST_2024.jpg height=200 width=200></img></a>
                  </div>
    

        <a href="javascript:toggleElement('exception-2', 'block')" title="Click to expand/collapse"><b>org.openqa.selenium.NoSuchElementException: no such element: Unable to locate element: {&quot;method&quot;:&quot;css selector&quot;,&quot;selector&quot;:&quot;.result&quot;}<br/>
&nbsp; (Session info: chrome=126.0.6478.61)<br/>
For documentation on this error, please visit: https://www.selenium.dev/documentation/webdriver/troubleshooting/errors#no-such-element-exception<br/>
Build info: version: &apos;4.21.0&apos;, revision: &apos;79ed462ef4&apos;<br/>
System info: os.name: &apos;Windows 11&apos;, os.arch: &apos;amd64&apos;, os.version: &apos;10.0&apos;, java.version: &apos;17.0.8&apos;<br/>
Driver info: org.openqa.selenium.chrome.ChromeDriver<br/>
Command: [0fda1c1dac5f7bac408105cb1ee229b3, findElement {value=result, using=class name}]<br/>
Capabilities {acceptInsecureCerts: false, browserName: chrome, browserVersion: 126.0.6478.61, chrome: {chromedriverVersion: 126.0.6478.62 (b2781ca4c383..., userDataDir: C:\Users\bhart\AppData\Loca...}, fedcm:accounts: true, goog:chromeOptions: {debuggerAddress: localhost:63402}, networkConnectionEnabled: false, pageLoadStrategy: normal, platformName: windows, proxy: Proxy(), se:cdp: ws://localhost:63402/devtoo..., se:cdpVersion: 126.0.6478.61, setWindowRect: true, strictFileInteractability: false, timeouts: {implicit: 0, pageLoad: 300000, script: 30000}, unhandledPromptBehavior: dismiss and notify, webauthn:extension:credBlob: true, webauthn:extension:largeBlob: true, webauthn:extension:minPinLength: true, webauthn:extension:prf: true, webauthn:virtualAuthenticators: true}<br/>
Session ID: 0fda1c1dac5f7bac408105cb1ee229b3</b></a><br />
    <div class="stackTrace" id="exception-2">
              java.base/jdk.internal.reflect.NativeConstructorAccessorImpl.newInstance0(Native Method)<br />
              java.base/jdk.internal.reflect.NativeConstructorAccessorImpl.newInstance(NativeConstructorAccessorImpl.java:77)<br />
              java.base/jdk.internal.reflect.DelegatingConstructorAccessorImpl.newInstance(DelegatingConstructorAccessorImpl.java:45)<br />
              java.base/java.lang.reflect.Constructor.newInstanceWithCaller(Constructor.java:499)<br />
              java.base/java.lang.reflect.Constructor.newInstance(Constructor.java:480)<br />
              org.openqa.selenium.remote.ErrorCodec.decode(ErrorCodec.java:167)<br />
              org.openqa.selenium.remote.codec.w3c.W3CHttpResponseCodec.decode(W3CHttpResponseCodec.java:138)<br />
              org.openqa.selenium.remote.codec.w3c.W3CHttpResponseCodec.decode(W3CHttpResponseCodec.java:50)<br />
              org.openqa.selenium.remote.HttpCommandExecutor.execute(HttpCommandExecutor.java:190)<br />
              org.openqa.selenium.remote.service.DriverCommandExecutor.invokeExecute(DriverCommandExecutor.java:216)<br />
              org.openqa.selenium.remote.service.DriverCommandExecutor.execute(DriverCommandExecutor.java:174)<br />
              org.openqa.selenium.remote.RemoteWebDriver.execute(RemoteWebDriver.java:518)<br />
              org.openqa.selenium.remote.ElementLocation$ElementFinder$2.findElement(ElementLocation.java:165)<br />
              org.openqa.selenium.remote.ElementLocation.findElement(ElementLocation.java:66)<br />
              org.openqa.selenium.remote.RemoteWebDriver.findElement(RemoteWebDriver.java:355)<br />
              org.openqa.selenium.remote.RemoteWebDriver.findElement(RemoteWebDriver.java:349)<br />
              org.openqa.selenium.support.pagefactory.DefaultElementLocator.findElement(DefaultElementLocator.java:68)<br />
              org.openqa.selenium.support.pagefactory.internal.LocatingElementHandler.invoke(LocatingElementHandler.java:38)<br />
              jdk.proxy2/jdk.proxy2.$Proxy14.getText(Unknown Source)<br />
              com.nopcommerce.demo.utility.Utility.getTextFromElement(Utility.java:60)<br />
              com.nopcommerce.demo.pages.RegisterPage.getRegistrationSuccessMsg(RegisterPage.java:197)<br />
              com.nopcommerce.demo.testsuite.RegisterPageTest.verifyThatUserShouldCreateAccountSuccessfully(RegisterPageTest.java:63)<br />
              java.base/jdk.internal.reflect.NativeMethodAccessorImpl.invoke0(Native Method)<br />
              java.base/jdk.internal.reflect.NativeMethodAccessorImpl.invoke(NativeMethodAccessorImpl.java:77)<br />
              java.base/jdk.internal.reflect.DelegatingMethodAccessorImpl.invoke(DelegatingMethodAccessorImpl.java:43)<br />
              java.base/java.lang.reflect.Method.invoke(Method.java:568)<br />
              org.testng.internal.invokers.MethodInvocationHelper.invokeMethod(MethodInvocationHelper.java:141)<br />
              org.testng.internal.invokers.TestInvoker.invokeMethod(TestInvoker.java:686)<br />
              org.testng.internal.invokers.TestInvoker.invokeTestMethod(TestInvoker.java:230)<br />
              org.testng.internal.invokers.MethodRunner.runInSequence(MethodRunner.java:63)<br />
              org.testng.internal.invokers.TestInvoker$MethodInvocationAgent.invoke(TestInvoker.java:992)<br />
              org.testng.internal.invokers.TestInvoker.invokeTestMethods(TestInvoker.java:203)<br />
              org.testng.internal.invokers.TestMethodWorker.invokeTestMethods(TestMethodWorker.java:154)<br />
              org.testng.internal.invokers.TestMethodWorker.run(TestMethodWorker.java:134)<br />
              java.base/java.util.ArrayList.forEach(ArrayList.java:1511)<br />
              org.testng.TestRunner.privateRun(TestRunner.java:739)<br />
              org.testng.TestRunner.run(TestRunner.java:614)<br />
              org.testng.SuiteRunner.runTest(SuiteRunner.java:421)<br />
              org.testng.SuiteRunner.runSequentially(SuiteRunner.java:413)<br />
              org.testng.SuiteRunner.privateRun(SuiteRunner.java:373)<br />
              org.testng.SuiteRunner.run(SuiteRunner.java:312)<br />
              org.testng.SuiteRunnerWorker.runSuite(SuiteRunnerWorker.java:52)<br />
              org.testng.SuiteRunnerWorker.run(SuiteRunnerWorker.java:95)<br />
              org.testng.TestNG.runSuitesSequentially(TestNG.java:1274)<br />
              org.testng.TestNG.runSuitesLocally(TestNG.java:1208)<br />
              org.testng.TestNG.runSuites(TestNG.java:1112)<br />
              org.testng.TestNG.run(TestNG.java:1079)<br />
              com.intellij.rt.testng.IDEARemoteTestNG.run(IDEARemoteTestNG.java:65)<br />
              com.intellij.rt.testng.RemoteTestNGStarter.main(RemoteTestNGStarter.java:105)<br />
                </div>
      </td>
</tr>
      </table>


  <table class="resultsTable">
    <tr><th colspan="3" class="header passed">Passed Tests</th></tr>
          <tr>
        <td colspan="3" class="group">com.nopcommerce.demo.testsuite.ComputerPageTest</td>
      </tr>
            
<tr>
  <td class="method">
                  verifyThatUserShouldBuildYouOwnComputerAndAddThemToCartSuccessfully
      </td>
  <td class="duration">
    2.940s
  </td>
  <td class="result">
        
          <i>Method arguments: </i><span class="arguments">"2.5 GHz Intel Pentium Dual-Core E2200 [+$15.00]", "4GB [+$20.00]", "400 GB [+$100.00]", "Vista Premium [+$60.00]", "Acrobat Reader [+$10.00]"</span><br />
    
            <div class="testOutput">
                        CLicking on desktop link [[ChromeDriver: chrome on windows (61ec552653956f9c6bb73833498712b9)] -> xpath: //a[@title='Show products in category Desktops'][normalize-space()='Desktops']]
                                Select [[ChromeDriver: chrome on windows (61ec552653956f9c6bb73833498712b9)] -> id: product_attribute_1]
                                Select [[ChromeDriver: chrome on windows (61ec552653956f9c6bb73833498712b9)] -> id: product_attribute_2]
                                Select [[[ChromeDriver: chrome on windows (61ec552653956f9c6bb73833498712b9)] -> name: product_attribute_3], [[ChromeDriver: chrome on windows (61ec552653956f9c6bb73833498712b9)] -> name: product_attribute_3]]
                                Select [[[ChromeDriver: chrome on windows (61ec552653956f9c6bb73833498712b9)] -> name: product_attribute_4], [[ChromeDriver: chrome on windows (61ec552653956f9c6bb73833498712b9)] -> name: product_attribute_4]]
                                Select [[[ChromeDriver: chrome on windows (61ec552653956f9c6bb73833498712b9)] -> xpath: //dd[@id='product_attribute_input_5']//input], [[ChromeDriver: chrome on windows (61ec552653956f9c6bb73833498712b9)] -> xpath: //dd[@id='product_attribute_input_5']//input], [[ChromeDriver: chrome on windows (61ec552653956f9c6bb73833498712b9)] -> xpath: //dd[@id='product_attribute_input_5']//input]]
                                Click on [[ChromeDriver: chrome on windows (61ec552653956f9c6bb73833498712b9)] -> id: add-to-cart-button-1]
                  </div>
    

      </td>
</tr>
<tr>
  <td class="method">
                  verifyThatUserShouldBuildYouOwnComputerAndAddThemToCartSuccessfully
      </td>
  <td class="duration">
    3.266s
  </td>
  <td class="result">
        
          <i>Method arguments: </i><span class="arguments">"2.2 GHz Intel Pentium Dual-Core E2200", "2 GB", "320 GB", "Vista Home [+$50.00]", "Microsoft Office [+$50.00]"</span><br />
    
            <div class="testOutput">
                        CLicking on desktop link [[ChromeDriver: chrome on windows (86b83859600db6ece3096d5862a3cec3)] -> xpath: //a[@title='Show products in category Desktops'][normalize-space()='Desktops']]
                                Select [[ChromeDriver: chrome on windows (86b83859600db6ece3096d5862a3cec3)] -> id: product_attribute_1]
                                Select [[ChromeDriver: chrome on windows (86b83859600db6ece3096d5862a3cec3)] -> id: product_attribute_2]
                                Select [[[ChromeDriver: chrome on windows (86b83859600db6ece3096d5862a3cec3)] -> name: product_attribute_3], [[ChromeDriver: chrome on windows (86b83859600db6ece3096d5862a3cec3)] -> name: product_attribute_3]]
                                Select [[[ChromeDriver: chrome on windows (86b83859600db6ece3096d5862a3cec3)] -> name: product_attribute_4], [[ChromeDriver: chrome on windows (86b83859600db6ece3096d5862a3cec3)] -> name: product_attribute_4]]
                                Select [[[ChromeDriver: chrome on windows (86b83859600db6ece3096d5862a3cec3)] -> xpath: //dd[@id='product_attribute_input_5']//input], [[ChromeDriver: chrome on windows (86b83859600db6ece3096d5862a3cec3)] -> xpath: //dd[@id='product_attribute_input_5']//input], [[ChromeDriver: chrome on windows (86b83859600db6ece3096d5862a3cec3)] -> xpath: //dd[@id='product_attribute_input_5']//input]]
                                Click on [[ChromeDriver: chrome on windows (86b83859600db6ece3096d5862a3cec3)] -> id: add-to-cart-button-1]
                  </div>
    

      </td>
</tr>
<tr>
  <td class="method">
                  verifyThatUserShouldBuildYouOwnComputerAndAddThemToCartSuccessfully
      </td>
  <td class="duration">
    3.077s
  </td>
  <td class="result">
        
          <i>Method arguments: </i><span class="arguments">"2.5 GHz Intel Pentium Dual-Core E2200 [+$15.00]", "8GB [+$60.00]", "320 GB", "Vista Home [+$50.00]", "Total Commander [+$5.00]"</span><br />
    
            <div class="testOutput">
                        CLicking on desktop link [[ChromeDriver: chrome on windows (4c309cfff03bb9b9cdb017f0c5021e09)] -> xpath: //a[@title='Show products in category Desktops'][normalize-space()='Desktops']]
                                Select [[ChromeDriver: chrome on windows (4c309cfff03bb9b9cdb017f0c5021e09)] -> id: product_attribute_1]
                                Select [[ChromeDriver: chrome on windows (4c309cfff03bb9b9cdb017f0c5021e09)] -> id: product_attribute_2]
                                Select [[[ChromeDriver: chrome on windows (4c309cfff03bb9b9cdb017f0c5021e09)] -> name: product_attribute_3], [[ChromeDriver: chrome on windows (4c309cfff03bb9b9cdb017f0c5021e09)] -> name: product_attribute_3]]
                                Select [[[ChromeDriver: chrome on windows (4c309cfff03bb9b9cdb017f0c5021e09)] -> name: product_attribute_4], [[ChromeDriver: chrome on windows (4c309cfff03bb9b9cdb017f0c5021e09)] -> name: product_attribute_4]]
                                Select [[[ChromeDriver: chrome on windows (4c309cfff03bb9b9cdb017f0c5021e09)] -> xpath: //dd[@id='product_attribute_input_5']//input], [[ChromeDriver: chrome on windows (4c309cfff03bb9b9cdb017f0c5021e09)] -> xpath: //dd[@id='product_attribute_input_5']//input], [[ChromeDriver: chrome on windows (4c309cfff03bb9b9cdb017f0c5021e09)] -> xpath: //dd[@id='product_attribute_input_5']//input]]
                                Click on [[ChromeDriver: chrome on windows (4c309cfff03bb9b9cdb017f0c5021e09)] -> id: add-to-cart-button-1]
                  </div>
    

      </td>
</tr>
<tr>
  <td class="method">
                  verifyUserShouldNavigateToComputerPageSuccessfully
      </td>
  <td class="duration">
    0.836s
  </td>
  <td class="result">
        
    
            <div class="testOutput">
                        Getting computer heading [[ChromeDriver: chrome on windows (bc4013e23d4132abf82c623d4e1dfce0)] -> xpath: //h1[normalize-space()='Computers']]
                  </div>
    

      </td>
</tr>
<tr>
  <td class="method">
                  verifyUserShouldNavigateToDesktopsPageSuccessfully
      </td>
  <td class="duration">
    1.700s
  </td>
  <td class="result">
        
    
            <div class="testOutput">
                        CLicking on desktop link [[ChromeDriver: chrome on windows (05796c5ce4e5ff4425913916ca9cf5f2)] -> xpath: //a[@title='Show products in category Desktops'][normalize-space()='Desktops']]
                                Getting desktop title [[ChromeDriver: chrome on windows (05796c5ce4e5ff4425913916ca9cf5f2)] -> xpath: //h1[normalize-space()='Desktops']]
                  </div>
    

      </td>
</tr>
          <tr>
        <td colspan="3" class="group">com.nopcommerce.demo.testsuite.LoginPageTest</td>
      </tr>
            
<tr>
  <td class="method">
                  userShouldNavigateToLoginPageSuccessFully
      </td>
  <td class="duration">
    0.795s
  </td>
  <td class="result">
        
    
            <div class="testOutput">
                        Click on loginButton [[ChromeDriver: chrome on windows (481a92a1f7666115b0ab2c3a71fdb1a5)] -> xpath: //a[normalize-space()='Log in']]
                                Get welcome message [[ChromeDriver: chrome on windows (481a92a1f7666115b0ab2c3a71fdb1a5)] -> xpath: //h1[contains(text(),'Welcome, Please Sign In!')]]
                  </div>
    

      </td>
</tr>
<tr>
  <td class="method">
                  verifyThatUserShouldLogInSuccessFullyWithValidCredentials
      </td>
  <td class="duration">
    2.227s
  </td>
  <td class="result">
        
          <i>Method arguments: </i><span class="arguments">"prime123@gmail.com", "prime123"</span><br />
    
            <div class="testOutput">
                        Click on loginButton [[ChromeDriver: chrome on windows (564d20ea5c03f890d7bb6507f18d1298)] -> xpath: //a[normalize-space()='Log in']]
                                Enter EmailId prime123@gmail.com
                                Enter Password prime123
                                Click on login [[ChromeDriver: chrome on windows (564d20ea5c03f890d7bb6507f18d1298)] -> xpath: //button[contains(text(),'Log in')]]
                                Get logout link text [[ChromeDriver: chrome on windows (564d20ea5c03f890d7bb6507f18d1298)] -> xpath: //a[text()='Log out']]
                  </div>
    

      </td>
</tr>
          <tr>
        <td colspan="3" class="group">com.nopcommerce.demo.testsuite.RegisterPageTest</td>
      </tr>
            
<tr>
  <td class="method">
                  verifyThatFirstNameLastNameEmailPasswordAndConfirmPasswordFieldsAreMandatory
      </td>
  <td class="duration">
    1.014s
  </td>
  <td class="result">
        
    
            <div class="testOutput">
                        Click on registration button [[ChromeDriver: chrome on windows (de2b0b50b862bd40c315305a1d0e1ab9)] -> xpath: //button[@id='register-button']]
                                Get First Name Error [[ChromeDriver: chrome on windows (de2b0b50b862bd40c315305a1d0e1ab9)] -> id: FirstName-error]
                                Get Last Name Error [[ChromeDriver: chrome on windows (de2b0b50b862bd40c315305a1d0e1ab9)] -> id: LastName-error]
                                Get email error [[ChromeDriver: chrome on windows (de2b0b50b862bd40c315305a1d0e1ab9)] -> id: Email-error]
                                Get confirm password error [[ChromeDriver: chrome on windows (de2b0b50b862bd40c315305a1d0e1ab9)] -> id: ConfirmPassword-error]
                  </div>
    

      </td>
</tr>
<tr>
  <td class="method">
                  verifyUserShouldNavigateToRegisterPageSuccessfully
      </td>
  <td class="duration">
    0.912s
  </td>
  <td class="result">
        
    
            <div class="testOutput">
                        Get registration heading [[ChromeDriver: chrome on windows (55eebb50bd94f880691d9299f8addc75)] -> xpath: //h1[normalize-space()='Register']]
                  </div>
    

      </td>
</tr>
      </table>
  
</body>
</html>
